Started GET "/articles" for ::1 at 2017-01-05 14:51:30 +0800
  
ActionController::RoutingError (No route matches [GET] "/articles"):
  
actionpack (5.0.1) lib/action_dispatch/middleware/debug_exceptions.rb:53:in `call'
web-console (3.1.1) lib/web_console/middleware.rb:131:in `call_app'
web-console (3.1.1) lib/web_console/middleware.rb:28:in `block in call'
web-console (3.1.1) lib/web_console/middleware.rb:18:in `catch'
web-console (3.1.1) lib/web_console/middleware.rb:18:in `call'
actionpack (5.0.1) lib/action_dispatch/middleware/show_exceptions.rb:31:in `call'
railties (5.0.1) lib/rails/rack/logger.rb:36:in `call_app'
railties (5.0.1) lib/rails/rack/logger.rb:24:in `block in call'
activesupport (5.0.1) lib/active_support/tagged_logging.rb:69:in `block in tagged'
activesupport (5.0.1) lib/active_support/tagged_logging.rb:26:in `tagged'
activesupport (5.0.1) lib/active_support/tagged_logging.rb:69:in `tagged'
railties (5.0.1) lib/rails/rack/logger.rb:24:in `call'
sprockets-rails (3.2.0) lib/sprockets/rails/quiet_assets.rb:13:in `call'
actionpack (5.0.1) lib/action_dispatch/middleware/request_id.rb:24:in `call'
rack (2.0.1) lib/rack/method_override.rb:22:in `call'
rack (2.0.1) lib/rack/runtime.rb:22:in `call'
activesupport (5.0.1) lib/active_support/cache/strategy/local_cache_middleware.rb:28:in `call'
actionpack (5.0.1) lib/action_dispatch/middleware/executor.rb:12:in `call'
actionpack (5.0.1) lib/action_dispatch/middleware/static.rb:136:in `call'
rack (2.0.1) lib/rack/sendfile.rb:111:in `call'
railties (5.0.1) lib/rails/engine.rb:522:in `call'
puma (3.4.0) lib/puma/configuration.rb:224:in `call'
puma (3.4.0) lib/puma/server.rb:569:in `handle_request'
puma (3.4.0) lib/puma/server.rb:406:in `process_client'
puma (3.4.0) lib/puma/server.rb:271:in `block in run'
puma (3.4.0) lib/puma/thread_pool.rb:114:in `block in spawn_thread'
  Rendering /Users/lianghuigui/.rvm/gems/ruby-2.3.0@global/gems/actionpack-5.0.1/lib/action_dispatch/middleware/templates/rescues/routing_error.html.erb within rescues/layout
  Rendering /Users/lianghuigui/.rvm/gems/ruby-2.3.0@global/gems/actionpack-5.0.1/lib/action_dispatch/middleware/templates/rescues/_trace.html.erb
  Rendered /Users/lianghuigui/.rvm/gems/ruby-2.3.0@global/gems/actionpack-5.0.1/lib/action_dispatch/middleware/templates/rescues/_trace.html.erb (1.2ms)
  Rendered /Users/lianghuigui/.rvm/gems/ruby-2.3.0@global/gems/actionpack-5.0.1/lib/action_dispatch/middleware/templates/routes/_table.html.erb (10.3ms)
  Rendering /Users/lianghuigui/.rvm/gems/ruby-2.3.0@global/gems/actionpack-5.0.1/lib/action_dispatch/middleware/templates/rescues/_request_and_response.html.erb
  Rendered /Users/lianghuigui/.rvm/gems/ruby-2.3.0@global/gems/actionpack-5.0.1/lib/action_dispatch/middleware/templates/rescues/_request_and_response.html.erb (16.0ms)
  Rendered /Users/lianghuigui/.rvm/gems/ruby-2.3.0@global/gems/actionpack-5.0.1/lib/action_dispatch/middleware/templates/rescues/routing_error.html.erb within rescues/layout (109.1ms)
  Rendering /Users/lianghuigui/.rvm/gems/ruby-2.3.0/gems/web-console-3.1.1/lib/web_console/templates/index.html.erb
  Rendered /Users/lianghuigui/.rvm/gems/ruby-2.3.0/gems/web-console-3.1.1/lib/web_console/templates/_markup.html.erb (0.4ms)
  Rendering /Users/lianghuigui/.rvm/gems/ruby-2.3.0/gems/web-console-3.1.1/lib/web_console/templates/console.js.erb within layouts/javascript
  Rendering /Users/lianghuigui/.rvm/gems/ruby-2.3.0/gems/web-console-3.1.1/lib/web_console/templates/_inner_console_markup.html.erb within layouts/inlined_string
  Rendered /Users/lianghuigui/.rvm/gems/ruby-2.3.0/gems/web-console-3.1.1/lib/web_console/templates/_inner_console_markup.html.erb within layouts/inlined_string (0.4ms)
  Rendering /Users/lianghuigui/.rvm/gems/ruby-2.3.0/gems/web-console-3.1.1/lib/web_console/templates/_prompt_box_markup.html.erb within layouts/inlined_string
  Rendered /Users/lianghuigui/.rvm/gems/ruby-2.3.0/gems/web-console-3.1.1/lib/web_console/templates/_prompt_box_markup.html.erb within layouts/inlined_string (0.4ms)
  Rendering /Users/lianghuigui/.rvm/gems/ruby-2.3.0/gems/web-console-3.1.1/lib/web_console/templates/style.css.erb within layouts/inlined_string
  Rendered /Users/lianghuigui/.rvm/gems/ruby-2.3.0/gems/web-console-3.1.1/lib/web_console/templates/style.css.erb within layouts/inlined_string (0.4ms)
  Rendered /Users/lianghuigui/.rvm/gems/ruby-2.3.0/gems/web-console-3.1.1/lib/web_console/templates/console.js.erb within layouts/javascript (83.9ms)
  Rendering /Users/lianghuigui/.rvm/gems/ruby-2.3.0/gems/web-console-3.1.1/lib/web_console/templates/main.js.erb within layouts/javascript
  Rendered /Users/lianghuigui/.rvm/gems/ruby-2.3.0/gems/web-console-3.1.1/lib/web_console/templates/main.js.erb within layouts/javascript (0.3ms)
  Rendered /Users/lianghuigui/.rvm/gems/ruby-2.3.0/gems/web-console-3.1.1/lib/web_console/templates/index.html.erb (127.7ms)
Started GET "/" for ::1 at 2017-01-05 14:51:32 +0800
Processing by Rails::WelcomeController#index as HTML
  Parameters: {"internal"=>true}
  Rendering /Users/lianghuigui/.rvm/gems/ruby-2.3.0@global/gems/railties-5.0.1/lib/rails/templates/rails/welcome/index.html.erb
  Rendered /Users/lianghuigui/.rvm/gems/ruby-2.3.0@global/gems/railties-5.0.1/lib/rails/templates/rails/welcome/index.html.erb (3.6ms)
Completed 200 OK in 9ms (Views: 6.1ms | ActiveRecord: 0.0ms)


Started GET "/index" for ::1 at 2017-01-05 14:51:37 +0800
  
ActionController::RoutingError (No route matches [GET] "/index"):
  
actionpack (5.0.1) lib/action_dispatch/middleware/debug_exceptions.rb:53:in `call'
web-console (3.1.1) lib/web_console/middleware.rb:131:in `call_app'
web-console (3.1.1) lib/web_console/middleware.rb:28:in `block in call'
web-console (3.1.1) lib/web_console/middleware.rb:18:in `catch'
web-console (3.1.1) lib/web_console/middleware.rb:18:in `call'
actionpack (5.0.1) lib/action_dispatch/middleware/show_exceptions.rb:31:in `call'
railties (5.0.1) lib/rails/rack/logger.rb:36:in `call_app'
railties (5.0.1) lib/rails/rack/logger.rb:24:in `block in call'
activesupport (5.0.1) lib/active_support/tagged_logging.rb:69:in `block in tagged'
activesupport (5.0.1) lib/active_support/tagged_logging.rb:26:in `tagged'
activesupport (5.0.1) lib/active_support/tagged_logging.rb:69:in `tagged'
railties (5.0.1) lib/rails/rack/logger.rb:24:in `call'
sprockets-rails (3.2.0) lib/sprockets/rails/quiet_assets.rb:13:in `call'
actionpack (5.0.1) lib/action_dispatch/middleware/request_id.rb:24:in `call'
rack (2.0.1) lib/rack/method_override.rb:22:in `call'
rack (2.0.1) lib/rack/runtime.rb:22:in `call'
activesupport (5.0.1) lib/active_support/cache/strategy/local_cache_middleware.rb:28:in `call'
actionpack (5.0.1) lib/action_dispatch/middleware/executor.rb:12:in `call'
actionpack (5.0.1) lib/action_dispatch/middleware/static.rb:136:in `call'
rack (2.0.1) lib/rack/sendfile.rb:111:in `call'
railties (5.0.1) lib/rails/engine.rb:522:in `call'
puma (3.4.0) lib/puma/configuration.rb:224:in `call'
puma (3.4.0) lib/puma/server.rb:569:in `handle_request'
puma (3.4.0) lib/puma/server.rb:406:in `process_client'
puma (3.4.0) lib/puma/server.rb:271:in `block in run'
puma (3.4.0) lib/puma/thread_pool.rb:114:in `block in spawn_thread'
  Rendering /Users/lianghuigui/.rvm/gems/ruby-2.3.0@global/gems/actionpack-5.0.1/lib/action_dispatch/middleware/templates/rescues/routing_error.html.erb within rescues/layout
  Rendering /Users/lianghuigui/.rvm/gems/ruby-2.3.0@global/gems/actionpack-5.0.1/lib/action_dispatch/middleware/templates/rescues/_trace.html.erb
  Rendered /Users/lianghuigui/.rvm/gems/ruby-2.3.0@global/gems/actionpack-5.0.1/lib/action_dispatch/middleware/templates/rescues/_trace.html.erb (1.1ms)
  Rendered /Users/lianghuigui/.rvm/gems/ruby-2.3.0@global/gems/actionpack-5.0.1/lib/action_dispatch/middleware/templates/routes/_table.html.erb (1.1ms)
  Rendering /Users/lianghuigui/.rvm/gems/ruby-2.3.0@global/gems/actionpack-5.0.1/lib/action_dispatch/middleware/templates/rescues/_request_and_response.html.erb
  Rendered /Users/lianghuigui/.rvm/gems/ruby-2.3.0@global/gems/actionpack-5.0.1/lib/action_dispatch/middleware/templates/rescues/_request_and_response.html.erb (1.1ms)
  Rendered /Users/lianghuigui/.rvm/gems/ruby-2.3.0@global/gems/actionpack-5.0.1/lib/action_dispatch/middleware/templates/rescues/routing_error.html.erb within rescues/layout (60.9ms)
  Rendering /Users/lianghuigui/.rvm/gems/ruby-2.3.0/gems/web-console-3.1.1/lib/web_console/templates/index.html.erb
  Rendered /Users/lianghuigui/.rvm/gems/ruby-2.3.0/gems/web-console-3.1.1/lib/web_console/templates/_markup.html.erb (0.4ms)
  Rendering /Users/lianghuigui/.rvm/gems/ruby-2.3.0/gems/web-console-3.1.1/lib/web_console/templates/console.js.erb within layouts/javascript
  Rendering /Users/lianghuigui/.rvm/gems/ruby-2.3.0/gems/web-console-3.1.1/lib/web_console/templates/_inner_console_markup.html.erb within layouts/inlined_string
  Rendered /Users/lianghuigui/.rvm/gems/ruby-2.3.0/gems/web-console-3.1.1/lib/web_console/templates/_inner_console_markup.html.erb within layouts/inlined_string (0.3ms)
  Rendering /Users/lianghuigui/.rvm/gems/ruby-2.3.0/gems/web-console-3.1.1/lib/web_console/templates/_prompt_box_markup.html.erb within layouts/inlined_string
  Rendered /Users/lianghuigui/.rvm/gems/ruby-2.3.0/gems/web-console-3.1.1/lib/web_console/templates/_prompt_box_markup.html.erb within layouts/inlined_string (0.4ms)
  Rendering /Users/lianghuigui/.rvm/gems/ruby-2.3.0/gems/web-console-3.1.1/lib/web_console/templates/style.css.erb within layouts/inlined_string
  Rendered /Users/lianghuigui/.rvm/gems/ruby-2.3.0/gems/web-console-3.1.1/lib/web_console/templates/style.css.erb within layouts/inlined_string (0.4ms)
  Rendered /Users/lianghuigui/.rvm/gems/ruby-2.3.0/gems/web-console-3.1.1/lib/web_console/templates/console.js.erb within layouts/javascript (45.6ms)
  Rendering /Users/lianghuigui/.rvm/gems/ruby-2.3.0/gems/web-console-3.1.1/lib/web_console/templates/main.js.erb within layouts/javascript
  Rendered /Users/lianghuigui/.rvm/gems/ruby-2.3.0/gems/web-console-3.1.1/lib/web_console/templates/main.js.erb within layouts/javascript (0.4ms)
  Rendered /Users/lianghuigui/.rvm/gems/ruby-2.3.0/gems/web-console-3.1.1/lib/web_console/templates/index.html.erb (87.9ms)
Started GET "/" for ::1 at 2017-01-05 14:53:48 +0800
  
ActionController::RoutingError (uninitialized constant HelloAppController):
  
activesupport (5.0.1) lib/active_support/inflector/methods.rb:268:in `const_get'
activesupport (5.0.1) lib/active_support/inflector/methods.rb:268:in `block in constantize'
activesupport (5.0.1) lib/active_support/inflector/methods.rb:266:in `each'
activesupport (5.0.1) lib/active_support/inflector/methods.rb:266:in `inject'
activesupport (5.0.1) lib/active_support/inflector/methods.rb:266:in `constantize'
actionpack (5.0.1) lib/action_dispatch/http/request.rb:81:in `controller_class'
actionpack (5.0.1) lib/action_dispatch/routing/route_set.rb:44:in `controller'
actionpack (5.0.1) lib/action_dispatch/routing/route_set.rb:30:in `serve'
actionpack (5.0.1) lib/action_dispatch/journey/router.rb:39:in `block in serve'
actionpack (5.0.1) lib/action_dispatch/journey/router.rb:26:in `each'
actionpack (5.0.1) lib/action_dispatch/journey/router.rb:26:in `serve'
actionpack (5.0.1) lib/action_dispatch/routing/route_set.rb:725:in `call'
rack (2.0.1) lib/rack/etag.rb:25:in `call'
rack (2.0.1) lib/rack/conditional_get.rb:25:in `call'
rack (2.0.1) lib/rack/head.rb:12:in `call'
rack (2.0.1) lib/rack/session/abstract/id.rb:222:in `context'
rack (2.0.1) lib/rack/session/abstract/id.rb:216:in `call'
actionpack (5.0.1) lib/action_dispatch/middleware/cookies.rb:613:in `call'
activerecord (5.0.1) lib/active_record/migration.rb:553:in `call'
actionpack (5.0.1) lib/action_dispatch/middleware/callbacks.rb:38:in `block in call'
activesupport (5.0.1) lib/active_support/callbacks.rb:97:in `__run_callbacks__'
activesupport (5.0.1) lib/active_support/callbacks.rb:750:in `_run_call_callbacks'
activesupport (5.0.1) lib/active_support/callbacks.rb:90:in `run_callbacks'
actionpack (5.0.1) lib/action_dispatch/middleware/callbacks.rb:36:in `call'
actionpack (5.0.1) lib/action_dispatch/middleware/executor.rb:12:in `call'
actionpack (5.0.1) lib/action_dispatch/middleware/remote_ip.rb:79:in `call'
actionpack (5.0.1) lib/action_dispatch/middleware/debug_exceptions.rb:49:in `call'
web-console (3.1.1) lib/web_console/middleware.rb:131:in `call_app'
web-console (3.1.1) lib/web_console/middleware.rb:28:in `block in call'
web-console (3.1.1) lib/web_console/middleware.rb:18:in `catch'
web-console (3.1.1) lib/web_console/middleware.rb:18:in `call'
actionpack (5.0.1) lib/action_dispatch/middleware/show_exceptions.rb:31:in `call'
railties (5.0.1) lib/rails/rack/logger.rb:36:in `call_app'
railties (5.0.1) lib/rails/rack/logger.rb:24:in `block in call'
activesupport (5.0.1) lib/active_support/tagged_logging.rb:69:in `block in tagged'
activesupport (5.0.1) lib/active_support/tagged_logging.rb:26:in `tagged'
activesupport (5.0.1) lib/active_support/tagged_logging.rb:69:in `tagged'
railties (5.0.1) lib/rails/rack/logger.rb:24:in `call'
sprockets-rails (3.2.0) lib/sprockets/rails/quiet_assets.rb:13:in `call'
actionpack (5.0.1) lib/action_dispatch/middleware/request_id.rb:24:in `call'
rack (2.0.1) lib/rack/method_override.rb:22:in `call'
rack (2.0.1) lib/rack/runtime.rb:22:in `call'
activesupport (5.0.1) lib/active_support/cache/strategy/local_cache_middleware.rb:28:in `call'
actionpack (5.0.1) lib/action_dispatch/middleware/executor.rb:12:in `call'
actionpack (5.0.1) lib/action_dispatch/middleware/static.rb:136:in `call'
rack (2.0.1) lib/rack/sendfile.rb:111:in `call'
railties (5.0.1) lib/rails/engine.rb:522:in `call'
puma (3.4.0) lib/puma/configuration.rb:224:in `call'
puma (3.4.0) lib/puma/server.rb:569:in `handle_request'
puma (3.4.0) lib/puma/server.rb:406:in `process_client'
puma (3.4.0) lib/puma/server.rb:271:in `block in run'
puma (3.4.0) lib/puma/thread_pool.rb:114:in `block in spawn_thread'
  Rendering /Users/lianghuigui/.rvm/gems/ruby-2.3.0@global/gems/actionpack-5.0.1/lib/action_dispatch/middleware/templates/rescues/routing_error.html.erb within rescues/layout
  Rendering /Users/lianghuigui/.rvm/gems/ruby-2.3.0@global/gems/actionpack-5.0.1/lib/action_dispatch/middleware/templates/rescues/_trace.html.erb
  Rendered /Users/lianghuigui/.rvm/gems/ruby-2.3.0@global/gems/actionpack-5.0.1/lib/action_dispatch/middleware/templates/rescues/_trace.html.erb (1.8ms)
  Rendered collection of /Users/lianghuigui/.rvm/gems/ruby-2.3.0@global/gems/actionpack-5.0.1/lib/action_dispatch/middleware/templates/routes/_route.html.erb [1 times] (17.6ms)
  Rendered /Users/lianghuigui/.rvm/gems/ruby-2.3.0@global/gems/actionpack-5.0.1/lib/action_dispatch/middleware/templates/routes/_table.html.erb (1.4ms)
  Rendering /Users/lianghuigui/.rvm/gems/ruby-2.3.0@global/gems/actionpack-5.0.1/lib/action_dispatch/middleware/templates/rescues/_request_and_response.html.erb
  Rendered /Users/lianghuigui/.rvm/gems/ruby-2.3.0@global/gems/actionpack-5.0.1/lib/action_dispatch/middleware/templates/rescues/_request_and_response.html.erb (1.3ms)
  Rendered /Users/lianghuigui/.rvm/gems/ruby-2.3.0@global/gems/actionpack-5.0.1/lib/action_dispatch/middleware/templates/rescues/routing_error.html.erb within rescues/layout (136.4ms)
  Rendering /Users/lianghuigui/.rvm/gems/ruby-2.3.0/gems/web-console-3.1.1/lib/web_console/templates/index.html.erb
  Rendered /Users/lianghuigui/.rvm/gems/ruby-2.3.0/gems/web-console-3.1.1/lib/web_console/templates/_markup.html.erb (0.7ms)
  Rendering /Users/lianghuigui/.rvm/gems/ruby-2.3.0/gems/web-console-3.1.1/lib/web_console/templates/console.js.erb within layouts/javascript
  Rendering /Users/lianghuigui/.rvm/gems/ruby-2.3.0/gems/web-console-3.1.1/lib/web_console/templates/_inner_console_markup.html.erb within layouts/inlined_string
  Rendered /Users/lianghuigui/.rvm/gems/ruby-2.3.0/gems/web-console-3.1.1/lib/web_console/templates/_inner_console_markup.html.erb within layouts/inlined_string (0.3ms)
  Rendering /Users/lianghuigui/.rvm/gems/ruby-2.3.0/gems/web-console-3.1.1/lib/web_console/templates/_prompt_box_markup.html.erb within layouts/inlined_string
  Rendered /Users/lianghuigui/.rvm/gems/ruby-2.3.0/gems/web-console-3.1.1/lib/web_console/templates/_prompt_box_markup.html.erb within layouts/inlined_string (0.5ms)
  Rendering /Users/lianghuigui/.rvm/gems/ruby-2.3.0/gems/web-console-3.1.1/lib/web_console/templates/style.css.erb within layouts/inlined_string
  Rendered /Users/lianghuigui/.rvm/gems/ruby-2.3.0/gems/web-console-3.1.1/lib/web_console/templates/style.css.erb within layouts/inlined_string (0.5ms)
  Rendered /Users/lianghuigui/.rvm/gems/ruby-2.3.0/gems/web-console-3.1.1/lib/web_console/templates/console.js.erb within layouts/javascript (47.2ms)
  Rendering /Users/lianghuigui/.rvm/gems/ruby-2.3.0/gems/web-console-3.1.1/lib/web_console/templates/main.js.erb within layouts/javascript
  Rendered /Users/lianghuigui/.rvm/gems/ruby-2.3.0/gems/web-console-3.1.1/lib/web_console/templates/main.js.erb within layouts/javascript (0.9ms)
  Rendered /Users/lianghuigui/.rvm/gems/ruby-2.3.0/gems/web-console-3.1.1/lib/web_console/templates/index.html.erb (91.7ms)
Started GET "/" for ::1 at 2017-01-05 14:54:42 +0800
  
ActionController::RoutingError (uninitialized constant ApplicationControllerController):
  
activesupport (5.0.1) lib/active_support/inflector/methods.rb:268:in `const_get'
activesupport (5.0.1) lib/active_support/inflector/methods.rb:268:in `block in constantize'
activesupport (5.0.1) lib/active_support/inflector/methods.rb:266:in `each'
activesupport (5.0.1) lib/active_support/inflector/methods.rb:266:in `inject'
activesupport (5.0.1) lib/active_support/inflector/methods.rb:266:in `constantize'
actionpack (5.0.1) lib/action_dispatch/http/request.rb:81:in `controller_class'
actionpack (5.0.1) lib/action_dispatch/routing/route_set.rb:44:in `controller'
actionpack (5.0.1) lib/action_dispatch/routing/route_set.rb:30:in `serve'
actionpack (5.0.1) lib/action_dispatch/journey/router.rb:39:in `block in serve'
actionpack (5.0.1) lib/action_dispatch/journey/router.rb:26:in `each'
actionpack (5.0.1) lib/action_dispatch/journey/router.rb:26:in `serve'
actionpack (5.0.1) lib/action_dispatch/routing/route_set.rb:725:in `call'
rack (2.0.1) lib/rack/etag.rb:25:in `call'
rack (2.0.1) lib/rack/conditional_get.rb:25:in `call'
rack (2.0.1) lib/rack/head.rb:12:in `call'
rack (2.0.1) lib/rack/session/abstract/id.rb:222:in `context'
rack (2.0.1) lib/rack/session/abstract/id.rb:216:in `call'
actionpack (5.0.1) lib/action_dispatch/middleware/cookies.rb:613:in `call'
activerecord (5.0.1) lib/active_record/migration.rb:553:in `call'
actionpack (5.0.1) lib/action_dispatch/middleware/callbacks.rb:38:in `block in call'
activesupport (5.0.1) lib/active_support/callbacks.rb:97:in `__run_callbacks__'
activesupport (5.0.1) lib/active_support/callbacks.rb:750:in `_run_call_callbacks'
activesupport (5.0.1) lib/active_support/callbacks.rb:90:in `run_callbacks'
actionpack (5.0.1) lib/action_dispatch/middleware/callbacks.rb:36:in `call'
actionpack (5.0.1) lib/action_dispatch/middleware/executor.rb:12:in `call'
actionpack (5.0.1) lib/action_dispatch/middleware/remote_ip.rb:79:in `call'
actionpack (5.0.1) lib/action_dispatch/middleware/debug_exceptions.rb:49:in `call'
web-console (3.1.1) lib/web_console/middleware.rb:131:in `call_app'
web-console (3.1.1) lib/web_console/middleware.rb:28:in `block in call'
web-console (3.1.1) lib/web_console/middleware.rb:18:in `catch'
web-console (3.1.1) lib/web_console/middleware.rb:18:in `call'
actionpack (5.0.1) lib/action_dispatch/middleware/show_exceptions.rb:31:in `call'
railties (5.0.1) lib/rails/rack/logger.rb:36:in `call_app'
railties (5.0.1) lib/rails/rack/logger.rb:24:in `block in call'
activesupport (5.0.1) lib/active_support/tagged_logging.rb:69:in `block in tagged'
activesupport (5.0.1) lib/active_support/tagged_logging.rb:26:in `tagged'
activesupport (5.0.1) lib/active_support/tagged_logging.rb:69:in `tagged'
railties (5.0.1) lib/rails/rack/logger.rb:24:in `call'
sprockets-rails (3.2.0) lib/sprockets/rails/quiet_assets.rb:13:in `call'
actionpack (5.0.1) lib/action_dispatch/middleware/request_id.rb:24:in `call'
rack (2.0.1) lib/rack/method_override.rb:22:in `call'
rack (2.0.1) lib/rack/runtime.rb:22:in `call'
activesupport (5.0.1) lib/active_support/cache/strategy/local_cache_middleware.rb:28:in `call'
actionpack (5.0.1) lib/action_dispatch/middleware/executor.rb:12:in `call'
actionpack (5.0.1) lib/action_dispatch/middleware/static.rb:136:in `call'
rack (2.0.1) lib/rack/sendfile.rb:111:in `call'
railties (5.0.1) lib/rails/engine.rb:522:in `call'
puma (3.4.0) lib/puma/configuration.rb:224:in `call'
puma (3.4.0) lib/puma/server.rb:569:in `handle_request'
puma (3.4.0) lib/puma/server.rb:406:in `process_client'
puma (3.4.0) lib/puma/server.rb:271:in `block in run'
puma (3.4.0) lib/puma/thread_pool.rb:114:in `block in spawn_thread'
  Rendering /Users/lianghuigui/.rvm/gems/ruby-2.3.0@global/gems/actionpack-5.0.1/lib/action_dispatch/middleware/templates/rescues/routing_error.html.erb within rescues/layout
  Rendering /Users/lianghuigui/.rvm/gems/ruby-2.3.0@global/gems/actionpack-5.0.1/lib/action_dispatch/middleware/templates/rescues/_trace.html.erb
  Rendered /Users/lianghuigui/.rvm/gems/ruby-2.3.0@global/gems/actionpack-5.0.1/lib/action_dispatch/middleware/templates/rescues/_trace.html.erb (1.7ms)
  Rendered collection of /Users/lianghuigui/.rvm/gems/ruby-2.3.0@global/gems/actionpack-5.0.1/lib/action_dispatch/middleware/templates/routes/_route.html.erb [1 times] (1.1ms)
  Rendered /Users/lianghuigui/.rvm/gems/ruby-2.3.0@global/gems/actionpack-5.0.1/lib/action_dispatch/middleware/templates/routes/_table.html.erb (1.2ms)
  Rendering /Users/lianghuigui/.rvm/gems/ruby-2.3.0@global/gems/actionpack-5.0.1/lib/action_dispatch/middleware/templates/rescues/_request_and_response.html.erb
  Rendered /Users/lianghuigui/.rvm/gems/ruby-2.3.0@global/gems/actionpack-5.0.1/lib/action_dispatch/middleware/templates/rescues/_request_and_response.html.erb (0.9ms)
  Rendered /Users/lianghuigui/.rvm/gems/ruby-2.3.0@global/gems/actionpack-5.0.1/lib/action_dispatch/middleware/templates/rescues/routing_error.html.erb within rescues/layout (81.5ms)
  Rendering /Users/lianghuigui/.rvm/gems/ruby-2.3.0/gems/web-console-3.1.1/lib/web_console/templates/index.html.erb
  Rendered /Users/lianghuigui/.rvm/gems/ruby-2.3.0/gems/web-console-3.1.1/lib/web_console/templates/_markup.html.erb (0.4ms)
  Rendering /Users/lianghuigui/.rvm/gems/ruby-2.3.0/gems/web-console-3.1.1/lib/web_console/templates/console.js.erb within layouts/javascript
  Rendering /Users/lianghuigui/.rvm/gems/ruby-2.3.0/gems/web-console-3.1.1/lib/web_console/templates/_inner_console_markup.html.erb within layouts/inlined_string
  Rendered /Users/lianghuigui/.rvm/gems/ruby-2.3.0/gems/web-console-3.1.1/lib/web_console/templates/_inner_console_markup.html.erb within layouts/inlined_string (0.3ms)
  Rendering /Users/lianghuigui/.rvm/gems/ruby-2.3.0/gems/web-console-3.1.1/lib/web_console/templates/_prompt_box_markup.html.erb within layouts/inlined_string
  Rendered /Users/lianghuigui/.rvm/gems/ruby-2.3.0/gems/web-console-3.1.1/lib/web_console/templates/_prompt_box_markup.html.erb within layouts/inlined_string (0.4ms)
  Rendering /Users/lianghuigui/.rvm/gems/ruby-2.3.0/gems/web-console-3.1.1/lib/web_console/templates/style.css.erb within layouts/inlined_string
  Rendered /Users/lianghuigui/.rvm/gems/ruby-2.3.0/gems/web-console-3.1.1/lib/web_console/templates/style.css.erb within layouts/inlined_string (0.3ms)
  Rendered /Users/lianghuigui/.rvm/gems/ruby-2.3.0/gems/web-console-3.1.1/lib/web_console/templates/console.js.erb within layouts/javascript (46.2ms)
  Rendering /Users/lianghuigui/.rvm/gems/ruby-2.3.0/gems/web-console-3.1.1/lib/web_console/templates/main.js.erb within layouts/javascript
  Rendered /Users/lianghuigui/.rvm/gems/ruby-2.3.0/gems/web-console-3.1.1/lib/web_console/templates/main.js.erb within layouts/javascript (0.3ms)
  Rendered /Users/lianghuigui/.rvm/gems/ruby-2.3.0/gems/web-console-3.1.1/lib/web_console/templates/index.html.erb (88.3ms)
Started GET "/" for ::1 at 2017-01-05 14:54:54 +0800
Processing by ApplicationController#hello as HTML
  Rendering html template
  Rendered html template (0.0ms)
Completed 200 OK in 17ms (Views: 16.2ms | ActiveRecord: 0.0ms)


Started GET "/" for ::1 at 2017-01-05 14:54:57 +0800
Processing by ApplicationController#hello as HTML
  Rendering html template
  Rendered html template (0.0ms)
Completed 200 OK in 1ms (Views: 0.5ms | ActiveRecord: 0.0ms)


Started GET "/" for ::1 at 2017-01-05 14:55:23 +0800
Processing by ApplicationController#hello as HTML
  Rendering html template
  Rendered html template (0.0ms)
Completed 200 OK in 1ms (Views: 0.5ms | ActiveRecord: 0.0ms)


Started GET "/" for ::1 at 2017-01-05 14:56:01 +0800
Processing by ApplicationController#hello as HTML
  Rendering html template
  Rendered html template (0.0ms)
Completed 200 OK in 1ms (Views: 0.5ms | ActiveRecord: 0.0ms)


Started GET "/" for ::1 at 2017-01-05 14:58:10 +0800
Processing by ApplicationController#goodbye as HTML
  Rendering html template
  Rendered html template (0.0ms)
Completed 200 OK in 1ms (Views: 0.5ms | ActiveRecord: 0.0ms)


Started GET "/" for ::1 at 2017-01-09 09:37:15 +0800
Processing by ApplicationController#goodbye as HTML
  Rendering html template
  Rendered html template (0.0ms)
Completed 200 OK in 51ms (Views: 30.0ms | ActiveRecord: 0.0ms)


